<?xml version="1.0" encoding="UTF-8"?>
<!-- Generated by org.testng.reporters.JUnitReportReporter -->
<testsuite hostname="DESKTOP-A11BB6J" failures="0" tests="4" name="Test.FacebookLoginByTestNG" time="5.745" errors="0" timestamp="2022-07-25T18:53:14 IST" skipped="0">
  <testcase classname="Test.FacebookLoginByTestNG" name="m1" time="5.401"/>
  <system-out/>
  <testcase classname="Test.FacebookLoginByTestNG" name="m4" time="0.073"/>
  <system-out/>
  <testcase classname="Test.FacebookLoginByTestNG" name="m2" time="0.153"/>
  <system-out/>
  <testcase classname="Test.FacebookLoginByTestNG" name="m3" time="0.118"/>
  <system-out/>
</testsuite> <!-- Test.FacebookLoginByTestNG -->
